# JRE version: OpenJDK Runtime Environment (8.0_121-b13) (build 1.8.0_121-8u121-b13-0ubuntu1.16.04.2-b13)
# Java VM: OpenJDK 64-Bit Server VM (25.121-b13 mixed mode linux-amd64 compressed oops)
Heap:
 PSYoungGen      total 310784K, used 36421K [0x00000000ebf00000, 0x0000000100000000, 0x0000000100000000)
  eden space 295936K, 8% used [0x00000000ebf00000,0x00000000ed62e8e8,0x00000000fe000000)
  from space 14848K, 85% used [0x00000000ff180000,0x00000000ffde2e30,0x0000000100000000)
  to   space 16384K, 0% used [0x00000000fe000000,0x00000000fe000000,0x00000000ff000000)
 ParOldGen       total 44544K, used 28652K [0x00000000c3c00000, 0x00000000c6780000, 0x00000000ebf00000)
  object space 44544K, 64% used [0x00000000c3c00000,0x00000000c57fb0c0,0x00000000c6780000)
 Metaspace       used 27043K, capacity 30621K, committed 30720K, reserved 1073152K
  class space    used 5494K, capacity 6817K, committed 6912K, reserved 1048576K
GC Heap History (10 events):
Event: 10,567 GC heap before
{Heap before GC invocations=7 (full 0):
 PSYoungGen      total 130048K, used 130016K [0x00000000ebf00000, 0x00000000f4d00000, 0x0000000100000000)
  eden space 123904K, 100% used [0x00000000ebf00000,0x00000000f3800000,0x00000000f3800000)
  from space 6144K, 99% used [0x00000000f4100000,0x00000000f46f8020,0x00000000f4700000)
  to   space 9216K, 0% used [0x00000000f3800000,0x00000000f3800000,0x00000000f4100000)
 ParOldGen       total 42496K, used 11369K [0x00000000c3c00000, 0x00000000c6580000, 0x00000000ebf00000)
  object space 42496K, 26% used [0x00000000c3c00000,0x00000000c471a4b0,0x00000000c6580000)
 Metaspace       used 19122K, capacity 21279K, committed 21296K, reserved 1067008K
  class space    used 4060K, capacity 4856K, committed 4864K, reserved 1048576K
Event: 10,629 GC heap after
Heap after GC invocations=7 (full 0):
 PSYoungGen      total 133120K, used 9184K [0x00000000ebf00000, 0x00000000fcc00000, 0x0000000100000000)
  eden space 123904K, 0% used [0x00000000ebf00000,0x00000000ebf00000,0x00000000f3800000)
  from space 9216K, 99% used [0x00000000f3800000,0x00000000f40f8040,0x00000000f4100000)
  to   space 13824K, 0% used [0x00000000fbe80000,0x00000000fbe80000,0x00000000fcc00000)
 ParOldGen       total 42496K, used 18217K [0x00000000c3c00000, 0x00000000c6580000, 0x00000000ebf00000)
  object space 42496K, 42% used [0x00000000c3c00000,0x00000000c4dca7f0,0x00000000c6580000)
 Metaspace       used 19122K, capacity 21279K, committed 21296K, reserved 1067008K
  class space    used 4060K, capacity 4856K, committed 4864K, reserved 1048576K
}
Event: 10,637 GC heap before
{Heap before GC invocations=8 (full 0):
 PSYoungGen      total 133120K, used 12489K [0x00000000ebf00000, 0x00000000fcc00000, 0x0000000100000000)
  eden space 123904K, 2% used [0x00000000ebf00000,0x00000000ec23a580,0x00000000f3800000)
  from space 9216K, 99% used [0x00000000f3800000,0x00000000f40f8040,0x00000000f4100000)
  to   space 13824K, 0% used [0x00000000fbe80000,0x00000000fbe80000,0x00000000fcc00000)
 ParOldGen       total 42496K, used 18217K [0x00000000c3c00000, 0x00000000c6580000, 0x00000000ebf00000)
  object space 42496K, 42% used [0x00000000c3c00000,0x00000000c4dca7f0,0x00000000c6580000)
 Metaspace       used 19128K, capacity 21293K, committed 21296K, reserved 1067008K
  class space    used 4063K, capacity 4862K, committed 4864K, reserved 1048576K
Event: 10,671 GC heap after
Heap after GC invocations=8 (full 0):
 PSYoungGen      total 261632K, used 8352K [0x00000000ebf00000, 0x00000000fcc00000, 0x0000000100000000)
  eden space 247808K, 0% used [0x00000000ebf00000,0x00000000ebf00000,0x00000000fb100000)
  from space 13824K, 60% used [0x00000000fbe80000,0x00000000fc6a8020,0x00000000fcc00000)
  to   space 13824K, 0% used [0x00000000fb100000,0x00000000fb100000,0x00000000fbe80000)
 ParOldGen       total 42496K, used 19121K [0x00000000c3c00000, 0x00000000c6580000, 0x00000000ebf00000)
  object space 42496K, 44% used [0x00000000c3c00000,0x00000000c4eac7f0,0x00000000c6580000)
 Metaspace       used 19128K, capacity 21293K, committed 21296K, reserved 1067008K
  class space    used 4063K, capacity 4862K, committed 4864K, reserved 1048576K
}
Event: 10,671 GC heap before
{Heap before GC invocations=9 (full 1):
 PSYoungGen      total 261632K, used 8352K [0x00000000ebf00000, 0x00000000fcc00000, 0x0000000100000000)
  eden space 247808K, 0% used [0x00000000ebf00000,0x00000000ebf00000,0x00000000fb100000)
  from space 13824K, 60% used [0x00000000fbe80000,0x00000000fc6a8020,0x00000000fcc00000)
  to   space 13824K, 0% used [0x00000000fb100000,0x00000000fb100000,0x00000000fbe80000)
 ParOldGen       total 42496K, used 19121K [0x00000000c3c00000, 0x00000000c6580000, 0x00000000ebf00000)
  object space 42496K, 44% used [0x00000000c3c00000,0x00000000c4eac7f0,0x00000000c6580000)
 Metaspace       used 19128K, capacity 21293K, committed 21296K, reserved 1067008K
  class space    used 4063K, capacity 4862K, committed 4864K, reserved 1048576K
Event: 10,850 GC heap after
Heap after GC invocations=9 (full 1):
 PSYoungGen      total 261632K, used 0K [0x00000000ebf00000, 0x00000000fcc00000, 0x0000000100000000)
  eden space 247808K, 0% used [0x00000000ebf00000,0x00000000ebf00000,0x00000000fb100000)
  from space 13824K, 0% used [0x00000000fbe80000,0x00000000fbe80000,0x00000000fcc00000)
  to   space 13824K, 0% used [0x00000000fb100000,0x00000000fb100000,0x00000000fbe80000)
 ParOldGen       total 44544K, used 20636K [0x00000000c3c00000, 0x00000000c6780000, 0x00000000ebf00000)
  object space 44544K, 46% used [0x00000000c3c00000,0x00000000c50270a0,0x00000000c6780000)
 Metaspace       used 19128K, capacity 21293K, committed 21296K, reserved 1067008K
  class space    used 4063K, capacity 4862K, committed 4864K, reserved 1048576K
}
Event: 1424,407 GC heap before
{Heap before GC invocations=10 (full 1):
 PSYoungGen      total 261632K, used 247808K [0x00000000ebf00000, 0x00000000fcc00000, 0x0000000100000000)
  eden space 247808K, 100% used [0x00000000ebf00000,0x00000000fb100000,0x00000000fb100000)
  from space 13824K, 0% used [0x00000000fbe80000,0x00000000fbe80000,0x00000000fcc00000)
  to   space 13824K, 0% used [0x00000000fb100000,0x00000000fb100000,0x00000000fbe80000)
 ParOldGen       total 44544K, used 20636K [0x00000000c3c00000, 0x00000000c6780000, 0x00000000ebf00000)
  object space 44544K, 46% used [0x00000000c3c00000,0x00000000c50270a0,0x00000000c6780000)
 Metaspace       used 26610K, capacity 29941K, committed 30208K, reserved 1073152K
  class space    used 5350K, capacity 6604K, committed 6656K, reserved 1048576K
Event: 1424,438 GC heap after
Heap after GC invocations=10 (full 1):
 PSYoungGen      total 261632K, used 11407K [0x00000000ebf00000, 0x0000000100000000, 0x0000000100000000)
  eden space 247808K, 0% used [0x00000000ebf00000,0x00000000ebf00000,0x00000000fb100000)
  from space 13824K, 82% used [0x00000000fb100000,0x00000000fbc23d28,0x00000000fbe80000)
  to   space 14848K, 0% used [0x00000000ff180000,0x00000000ff180000,0x0000000100000000)
 ParOldGen       total 44544K, used 20644K [0x00000000c3c00000, 0x00000000c6780000, 0x00000000ebf00000)
  object space 44544K, 46% used [0x00000000c3c00000,0x00000000c50290a0,0x00000000c6780000)
 Metaspace       used 26610K, capacity 29941K, committed 30208K, reserved 1073152K
  class space    used 5350K, capacity 6604K, committed 6656K, reserved 1048576K
}
Event: 13165,610 GC heap before
{Heap before GC invocations=11 (full 1):
 PSYoungGen      total 261632K, used 259215K [0x00000000ebf00000, 0x0000000100000000, 0x0000000100000000)
  eden space 247808K, 100% used [0x00000000ebf00000,0x00000000fb100000,0x00000000fb100000)
  from space 13824K, 82% used [0x00000000fb100000,0x00000000fbc23d28,0x00000000fbe80000)
  to   space 14848K, 0% used [0x00000000ff180000,0x00000000ff180000,0x0000000100000000)
 ParOldGen       total 44544K, used 20644K [0x00000000c3c00000, 0x00000000c6780000, 0x00000000ebf00000)
  object space 44544K, 46% used [0x00000000c3c00000,0x00000000c50290a0,0x00000000c6780000)
 Metaspace       used 27032K, capacity 30621K, committed 30720K, reserved 1073152K
  class space    used 5493K, capacity 6817K, committed 6912K, reserved 1048576K
Event: 13165,674 GC heap after
Heap after GC invocations=11 (full 1):
 PSYoungGen      total 310784K, used 12683K [0x00000000ebf00000, 0x0000000100000000, 0x0000000100000000)
  eden space 295936K, 0% used [0x00000000ebf00000,0x00000000ebf00000,0x00000000fe000000)
  from space 14848K, 85% used [0x00000000ff180000,0x00000000ffde2e30,0x0000000100000000)
  to   space 16384K, 0% used [0x00000000fe000000,0x00000000fe000000,0x00000000ff000000)
 ParOldGen       total 44544K, used 28652K [0x00000000c3c00000, 0x00000000c6780000, 0x00000000ebf00000)
  object space 44544K, 64% used [0x00000000c3c00000,0x00000000c57fb0c0,0x00000000c6780000)
 Metaspace       used 27032K, capacity 30621K, committed 30720K, reserved 1073152K
  class space    used 5493K, capacity 6817K, committed 6912K, reserved 1048576K
}

