# JRE version: OpenJDK Runtime Environment (8.0_121-b13) (build 1.8.0_121-8u121-b13-0ubuntu1.16.04.2-b13)
# Java VM: OpenJDK 64-Bit Server VM (25.121-b13 mixed mode linux-amd64 compressed oops)
Heap:
 PSYoungGen      total 320000K, used 242147K [0x00000000ebf00000, 0x0000000100000000, 0x0000000100000000)
  eden space 312832K, 76% used [0x00000000ebf00000,0x00000000fa93ce28,0x00000000ff080000)
  from space 7168K, 31% used [0x00000000ff080000,0x00000000ff2bc0b0,0x00000000ff780000)
  to   space 7168K, 0% used [0x00000000ff900000,0x00000000ff900000,0x0000000100000000)
 ParOldGen       total 59392K, used 27105K [0x00000000c3c00000, 0x00000000c7600000, 0x00000000ebf00000)
  object space 59392K, 45% used [0x00000000c3c00000,0x00000000c5678408,0x00000000c7600000)
 Metaspace       used 33524K, capacity 36877K, committed 37120K, reserved 1079296K
  class space    used 5868K, capacity 7110K, committed 7168K, reserved 1048576K
GC Heap History (10 events):
Event: 151,079 GC heap before
{Heap before GC invocations=25 (full 2):
 PSYoungGen      total 317440K, used 311107K [0x00000000ebf00000, 0x00000000ffe80000, 0x0000000100000000)
  eden space 308736K, 100% used [0x00000000ebf00000,0x00000000fec80000,0x00000000fec80000)
  from space 8704K, 27% used [0x00000000ff600000,0x00000000ff850df8,0x00000000ffe80000)
  to   space 9216K, 0% used [0x00000000fec80000,0x00000000fec80000,0x00000000ff580000)
 ParOldGen       total 59392K, used 27105K [0x00000000c3c00000, 0x00000000c7600000, 0x00000000ebf00000)
  object space 59392K, 45% used [0x00000000c3c00000,0x00000000c5678408,0x00000000c7600000)
 Metaspace       used 33166K, capacity 36381K, committed 36480K, reserved 1079296K
  class space    used 5798K, capacity 7032K, committed 7040K, reserved 1048576K
Event: 151,089 GC heap after
Heap after GC invocations=25 (full 2):
 PSYoungGen      total 317952K, used 2403K [0x00000000ebf00000, 0x00000000fff80000, 0x0000000100000000)
  eden space 308736K, 0% used [0x00000000ebf00000,0x00000000ebf00000,0x00000000fec80000)
  from space 9216K, 26% used [0x00000000fec80000,0x00000000feed8df8,0x00000000ff580000)
  to   space 8704K, 0% used [0x00000000ff700000,0x00000000ff700000,0x00000000fff80000)
 ParOldGen       total 59392K, used 27105K [0x00000000c3c00000, 0x00000000c7600000, 0x00000000ebf00000)
  object space 59392K, 45% used [0x00000000c3c00000,0x00000000c5678408,0x00000000c7600000)
 Metaspace       used 33166K, capacity 36381K, committed 36480K, reserved 1079296K
  class space    used 5798K, capacity 7032K, committed 7040K, reserved 1048576K
}
Event: 163,977 GC heap before
{Heap before GC invocations=26 (full 2):
 PSYoungGen      total 317952K, used 311139K [0x00000000ebf00000, 0x00000000fff80000, 0x0000000100000000)
  eden space 308736K, 100% used [0x00000000ebf00000,0x00000000fec80000,0x00000000fec80000)
  from space 9216K, 26% used [0x00000000fec80000,0x00000000feed8df8,0x00000000ff580000)
  to   space 8704K, 0% used [0x00000000ff700000,0x00000000ff700000,0x00000000fff80000)
 ParOldGen       total 59392K, used 27105K [0x00000000c3c00000, 0x00000000c7600000, 0x00000000ebf00000)
  object space 59392K, 45% used [0x00000000c3c00000,0x00000000c5678408,0x00000000c7600000)
 Metaspace       used 33166K, capacity 36381K, committed 36480K, reserved 1079296K
  class space    used 5798K, capacity 7032K, committed 7040K, reserved 1048576K
Event: 163,986 GC heap after
Heap after GC invocations=26 (full 2):
 PSYoungGen      total 318464K, used 2323K [0x00000000ebf00000, 0x00000000ffe80000, 0x0000000100000000)
  eden space 310784K, 0% used [0x00000000ebf00000,0x00000000ebf00000,0x00000000fee80000)
  from space 7680K, 30% used [0x00000000ff700000,0x00000000ff944e08,0x00000000ffe80000)
  to   space 8192K, 0% used [0x00000000fee80000,0x00000000fee80000,0x00000000ff680000)
 ParOldGen       total 59392K, used 27105K [0x00000000c3c00000, 0x00000000c7600000, 0x00000000ebf00000)
  object space 59392K, 45% used [0x00000000c3c00000,0x00000000c5678408,0x00000000c7600000)
 Metaspace       used 33166K, capacity 36381K, committed 36480K, reserved 1079296K
  class space    used 5798K, capacity 7032K, committed 7040K, reserved 1048576K
}
Event: 176,999 GC heap before
{Heap before GC invocations=27 (full 2):
 PSYoungGen      total 318464K, used 313107K [0x00000000ebf00000, 0x00000000ffe80000, 0x0000000100000000)
  eden space 310784K, 100% used [0x00000000ebf00000,0x00000000fee80000,0x00000000fee80000)
  from space 7680K, 30% used [0x00000000ff700000,0x00000000ff944e08,0x00000000ffe80000)
  to   space 8192K, 0% used [0x00000000fee80000,0x00000000fee80000,0x00000000ff680000)
 ParOldGen       total 59392K, used 27105K [0x00000000c3c00000, 0x00000000c7600000, 0x00000000ebf00000)
  object space 59392K, 45% used [0x00000000c3c00000,0x00000000c5678408,0x00000000c7600000)
 Metaspace       used 33166K, capacity 36381K, committed 36480K, reserved 1079296K
  class space    used 5798K, capacity 7032K, committed 7040K, reserved 1048576K
Event: 177,007 GC heap after
Heap after GC invocations=27 (full 2):
 PSYoungGen      total 318976K, used 2323K [0x00000000ebf00000, 0x00000000fff80000, 0x0000000100000000)
  eden space 310784K, 0% used [0x00000000ebf00000,0x00000000ebf00000,0x00000000fee80000)
  from space 8192K, 28% used [0x00000000fee80000,0x00000000ff0c4de8,0x00000000ff680000)
  to   space 7680K, 0% used [0x00000000ff800000,0x00000000ff800000,0x00000000fff80000)
 ParOldGen       total 59392K, used 27105K [0x00000000c3c00000, 0x00000000c7600000, 0x00000000ebf00000)
  object space 59392K, 45% used [0x00000000c3c00000,0x00000000c5678408,0x00000000c7600000)
 Metaspace       used 33166K, capacity 36381K, committed 36480K, reserved 1079296K
  class space    used 5798K, capacity 7032K, committed 7040K, reserved 1048576K
}
Event: 189,984 GC heap before
{Heap before GC invocations=28 (full 2):
 PSYoungGen      total 318976K, used 313107K [0x00000000ebf00000, 0x00000000fff80000, 0x0000000100000000)
  eden space 310784K, 100% used [0x00000000ebf00000,0x00000000fee80000,0x00000000fee80000)
  from space 8192K, 28% used [0x00000000fee80000,0x00000000ff0c4de8,0x00000000ff680000)
  to   space 7680K, 0% used [0x00000000ff800000,0x00000000ff800000,0x00000000fff80000)
 ParOldGen       total 59392K, used 27105K [0x00000000c3c00000, 0x00000000c7600000, 0x00000000ebf00000)
  object space 59392K, 45% used [0x00000000c3c00000,0x00000000c5678408,0x00000000c7600000)
 Metaspace       used 33166K, capacity 36381K, committed 36480K, reserved 1079296K
  class space    used 5798K, capacity 7032K, committed 7040K, reserved 1048576K
Event: 189,991 GC heap after
Heap after GC invocations=28 (full 2):
 PSYoungGen      total 319488K, used 2323K [0x00000000ebf00000, 0x00000000ffe80000, 0x0000000100000000)
  eden space 312832K, 0% used [0x00000000ebf00000,0x00000000ebf00000,0x00000000ff080000)
  from space 6656K, 34% used [0x00000000ff800000,0x00000000ffa44e08,0x00000000ffe80000)
  to   space 7168K, 0% used [0x00000000ff080000,0x00000000ff080000,0x00000000ff780000)
 ParOldGen       total 59392K, used 27105K [0x00000000c3c00000, 0x00000000c7600000, 0x00000000ebf00000)
  object space 59392K, 45% used [0x00000000c3c00000,0x00000000c5678408,0x00000000c7600000)
 Metaspace       used 33166K, capacity 36381K, committed 36480K, reserved 1079296K
  class space    used 5798K, capacity 7032K, committed 7040K, reserved 1048576K
}
Event: 202,970 GC heap before
{Heap before GC invocations=29 (full 2):
 PSYoungGen      total 319488K, used 315155K [0x00000000ebf00000, 0x00000000ffe80000, 0x0000000100000000)
  eden space 312832K, 100% used [0x00000000ebf00000,0x00000000ff080000,0x00000000ff080000)
  from space 6656K, 34% used [0x00000000ff800000,0x00000000ffa44e08,0x00000000ffe80000)
  to   space 7168K, 0% used [0x00000000ff080000,0x00000000ff080000,0x00000000ff780000)
 ParOldGen       total 59392K, used 27105K [0x00000000c3c00000, 0x00000000c7600000, 0x00000000ebf00000)
  object space 59392K, 45% used [0x00000000c3c00000,0x00000000c5678408,0x00000000c7600000)
 Metaspace       used 33169K, capacity 36387K, committed 36480K, reserved 1079296K
  class space    used 5800K, capacity 7034K, committed 7040K, reserved 1048576K
Event: 202,987 GC heap after
Heap after GC invocations=29 (full 2):
 PSYoungGen      total 320000K, used 2288K [0x00000000ebf00000, 0x0000000100000000, 0x0000000100000000)
  eden space 312832K, 0% used [0x00000000ebf00000,0x00000000ebf00000,0x00000000ff080000)
  from space 7168K, 31% used [0x00000000ff080000,0x00000000ff2bc0b0,0x00000000ff780000)
  to   space 7168K, 0% used [0x00000000ff900000,0x00000000ff900000,0x0000000100000000)
 ParOldGen       total 59392K, used 27105K [0x00000000c3c00000, 0x00000000c7600000, 0x00000000ebf00000)
  object space 59392K, 45% used [0x00000000c3c00000,0x00000000c5678408,0x00000000c7600000)
 Metaspace       used 33169K, capacity 36387K, committed 36480K, reserved 1079296K
  class space    used 5800K, capacity 7034K, committed 7040K, reserved 1048576K
}

