# JRE version: OpenJDK Runtime Environment (8.0_131-b11) (build 1.8.0_131-8u131-b11-2ubuntu1.16.04.3-b11)
# Java VM: OpenJDK 64-Bit Server VM (25.131-b11 mixed mode linux-amd64 compressed oops)
Heap:
 PSYoungGen      total 315392K, used 115049K [0x00000000ebf00000, 0x0000000100000000, 0x0000000100000000)
  eden space 303616K, 34% used [0x00000000ebf00000,0x00000000f2504148,0x00000000fe780000)
  from space 11776K, 89% used [0x00000000fe780000,0x00000000ff1d62f8,0x00000000ff300000)
  to   space 13312K, 0% used [0x00000000ff300000,0x00000000ff300000,0x0000000100000000)
 ParOldGen       total 63488K, used 27311K [0x00000000c3c00000, 0x00000000c7a00000, 0x00000000ebf00000)
  object space 63488K, 43% used [0x00000000c3c00000,0x00000000c56abe50,0x00000000c7a00000)
 Metaspace       used 39306K, capacity 52749K, committed 53040K, reserved 1087488K
  class space    used 10459K, capacity 15039K, committed 15152K, reserved 1048576K
GC Heap History (10 events):
Event: 19,790 GC heap before
{Heap before GC invocations=13 (full 1):
 PSYoungGen      total 314880K, used 303392K [0x00000000ebf00000, 0x0000000100000000, 0x0000000100000000)
  eden space 302592K, 100% used [0x00000000ebf00000,0x00000000fe680000,0x00000000fe680000)
  from space 12288K, 6% used [0x00000000fe680000,0x00000000fe748000,0x00000000ff280000)
  to   space 12800K, 0% used [0x00000000ff380000,0x00000000ff380000,0x0000000100000000)
 ParOldGen       total 44544K, used 27804K [0x00000000c3c00000, 0x00000000c6780000, 0x00000000ebf00000)
  object space 44544K, 62% used [0x00000000c3c00000,0x00000000c5727138,0x00000000c6780000)
 Metaspace       used 28776K, capacity 35477K, committed 35496K, reserved 1075200K
  class space    used 7307K, capacity 9776K, committed 9776K, reserved 1048576K
Event: 19,803 GC heap after
Heap after GC invocations=13 (full 1):
 PSYoungGen      total 315904K, used 3104K [0x00000000ebf00000, 0x0000000100000000, 0x0000000100000000)
  eden space 303104K, 0% used [0x00000000ebf00000,0x00000000ebf00000,0x00000000fe700000)
  from space 12800K, 24% used [0x00000000ff380000,0x00000000ff688000,0x0000000100000000)
  to   space 12800K, 0% used [0x00000000fe700000,0x00000000fe700000,0x00000000ff380000)
 ParOldGen       total 44544K, used 28570K [0x00000000c3c00000, 0x00000000c6780000, 0x00000000ebf00000)
  object space 44544K, 64% used [0x00000000c3c00000,0x00000000c57e6ae8,0x00000000c6780000)
 Metaspace       used 28776K, capacity 35477K, committed 35496K, reserved 1075200K
  class space    used 7307K, capacity 9776K, committed 9776K, reserved 1048576K
}
Event: 19,803 GC heap before
{Heap before GC invocations=14 (full 2):
 PSYoungGen      total 315904K, used 3104K [0x00000000ebf00000, 0x0000000100000000, 0x0000000100000000)
  eden space 303104K, 0% used [0x00000000ebf00000,0x00000000ebf00000,0x00000000fe700000)
  from space 12800K, 24% used [0x00000000ff380000,0x00000000ff688000,0x0000000100000000)
  to   space 12800K, 0% used [0x00000000fe700000,0x00000000fe700000,0x00000000ff380000)
 ParOldGen       total 44544K, used 28570K [0x00000000c3c00000, 0x00000000c6780000, 0x00000000ebf00000)
  object space 44544K, 64% used [0x00000000c3c00000,0x00000000c57e6ae8,0x00000000c6780000)
 Metaspace       used 28776K, capacity 35477K, committed 35496K, reserved 1075200K
  class space    used 7307K, capacity 9776K, committed 9776K, reserved 1048576K
Event: 20,139 GC heap after
Heap after GC invocations=14 (full 2):
 PSYoungGen      total 315904K, used 0K [0x00000000ebf00000, 0x0000000100000000, 0x0000000100000000)
  eden space 303104K, 0% used [0x00000000ebf00000,0x00000000ebf00000,0x00000000fe700000)
  from space 12800K, 0% used [0x00000000ff380000,0x00000000ff380000,0x0000000100000000)
  to   space 12800K, 0% used [0x00000000fe700000,0x00000000fe700000,0x00000000ff380000)
 ParOldGen       total 63488K, used 27287K [0x00000000c3c00000, 0x00000000c7a00000, 0x00000000ebf00000)
  object space 63488K, 42% used [0x00000000c3c00000,0x00000000c56a5e50,0x00000000c7a00000)
 Metaspace       used 28776K, capacity 35477K, committed 35496K, reserved 1075200K
  class space    used 7307K, capacity 9776K, committed 9776K, reserved 1048576K
}
Event: 21,710 GC heap before
{Heap before GC invocations=15 (full 2):
 PSYoungGen      total 315904K, used 303104K [0x00000000ebf00000, 0x0000000100000000, 0x0000000100000000)
  eden space 303104K, 100% used [0x00000000ebf00000,0x00000000fe700000,0x00000000fe700000)
  from space 12800K, 0% used [0x00000000ff380000,0x00000000ff380000,0x0000000100000000)
  to   space 12800K, 0% used [0x00000000fe700000,0x00000000fe700000,0x00000000ff380000)
 ParOldGen       total 63488K, used 27287K [0x00000000c3c00000, 0x00000000c7a00000, 0x00000000ebf00000)
  object space 63488K, 42% used [0x00000000c3c00000,0x00000000c56a5e50,0x00000000c7a00000)
 Metaspace       used 31148K, capacity 39251K, committed 39472K, reserved 1077248K
  class space    used 8018K, capacity 10930K, committed 11056K, reserved 1048576K
Event: 21,739 GC heap after
Heap after GC invocations=15 (full 2):
 PSYoungGen      total 307200K, used 4000K [0x00000000ebf00000, 0x00000000fff00000, 0x0000000100000000)
  eden space 303104K, 0% used [0x00000000ebf00000,0x00000000ebf00000,0x00000000fe700000)
  from space 4096K, 97% used [0x00000000fe700000,0x00000000feae8010,0x00000000feb00000)
  to   space 12288K, 0% used [0x00000000ff300000,0x00000000ff300000,0x00000000fff00000)
 ParOldGen       total 63488K, used 27295K [0x00000000c3c00000, 0x00000000c7a00000, 0x00000000ebf00000)
  object space 63488K, 42% used [0x00000000c3c00000,0x00000000c56a7e50,0x00000000c7a00000)
 Metaspace       used 31148K, capacity 39251K, committed 39472K, reserved 1077248K
  class space    used 8018K, capacity 10930K, committed 11056K, reserved 1048576K
}
Event: 23,383 GC heap before
{Heap before GC invocations=16 (full 2):
 PSYoungGen      total 307200K, used 307104K [0x00000000ebf00000, 0x00000000fff00000, 0x0000000100000000)
  eden space 303104K, 100% used [0x00000000ebf00000,0x00000000fe700000,0x00000000fe700000)
  from space 4096K, 97% used [0x00000000fe700000,0x00000000feae8010,0x00000000feb00000)
  to   space 12288K, 0% used [0x00000000ff300000,0x00000000ff300000,0x00000000fff00000)
 ParOldGen       total 63488K, used 27295K [0x00000000c3c00000, 0x00000000c7a00000, 0x00000000ebf00000)
  object space 63488K, 42% used [0x00000000c3c00000,0x00000000c56a7e50,0x00000000c7a00000)
 Metaspace       used 33157K, capacity 42359K, committed 42416K, reserved 1079296K
  class space    used 8566K, capacity 11694K, committed 11696K, reserved 1048576K
Event: 23,406 GC heap after
Heap after GC invocations=16 (full 2):
 PSYoungGen      total 315904K, used 6624K [0x00000000ebf00000, 0x0000000100000000, 0x0000000100000000)
  eden space 303616K, 0% used [0x00000000ebf00000,0x00000000ebf00000,0x00000000fe780000)
  from space 12288K, 53% used [0x00000000ff300000,0x00000000ff978010,0x00000000fff00000)
  to   space 11776K, 0% used [0x00000000fe780000,0x00000000fe780000,0x00000000ff300000)
 ParOldGen       total 63488K, used 27303K [0x00000000c3c00000, 0x00000000c7a00000, 0x00000000ebf00000)
  object space 63488K, 43% used [0x00000000c3c00000,0x00000000c56a9e50,0x00000000c7a00000)
 Metaspace       used 33157K, capacity 42359K, committed 42416K, reserved 1079296K
  class space    used 8566K, capacity 11694K, committed 11696K, reserved 1048576K
}
Event: 25,938 GC heap before
{Heap before GC invocations=17 (full 2):
 PSYoungGen      total 315904K, used 310240K [0x00000000ebf00000, 0x0000000100000000, 0x0000000100000000)
  eden space 303616K, 100% used [0x00000000ebf00000,0x00000000fe780000,0x00000000fe780000)
  from space 12288K, 53% used [0x00000000ff300000,0x00000000ff978010,0x00000000fff00000)
  to   space 11776K, 0% used [0x00000000fe780000,0x00000000fe780000,0x00000000ff300000)
 ParOldGen       total 63488K, used 27303K [0x00000000c3c00000, 0x00000000c7a00000, 0x00000000ebf00000)
  object space 63488K, 43% used [0x00000000c3c00000,0x00000000c56a9e50,0x00000000c7a00000)
 Metaspace       used 38110K, capacity 50965K, committed 51120K, reserved 1085440K
  class space    used 10086K, capacity 14464K, committed 14512K, reserved 1048576K
Event: 25,977 GC heap after
Heap after GC invocations=17 (full 2):
 PSYoungGen      total 315392K, used 10584K [0x00000000ebf00000, 0x0000000100000000, 0x0000000100000000)
  eden space 303616K, 0% used [0x00000000ebf00000,0x00000000ebf00000,0x00000000fe780000)
  from space 11776K, 89% used [0x00000000fe780000,0x00000000ff1d62f8,0x00000000ff300000)
  to   space 13312K, 0% used [0x00000000ff300000,0x00000000ff300000,0x0000000100000000)
 ParOldGen       total 63488K, used 27311K [0x00000000c3c00000, 0x00000000c7a00000, 0x00000000ebf00000)
  object space 63488K, 43% used [0x00000000c3c00000,0x00000000c56abe50,0x00000000c7a00000)
 Metaspace       used 38110K, capacity 50965K, committed 51120K, reserved 1085440K
  class space    used 10086K, capacity 14464K, committed 14512K, reserved 1048576K
}

