# JRE version: OpenJDK Runtime Environment (8.0_131-b11) (build 1.8.0_131-8u131-b11-2ubuntu1.16.04.3-b11)
# Java VM: OpenJDK 64-Bit Server VM (25.131-b11 mixed mode linux-amd64 compressed oops)
Heap:
 PSYoungGen      total 316416K, used 102334K [0x00000000ebf00000, 0x0000000100000000, 0x0000000100000000)
  eden space 305664K, 31% used [0x00000000ebf00000,0x00000000f1c256a8,0x00000000fe980000)
  from space 10752K, 64% used [0x00000000fe980000,0x00000000ff04a2f8,0x00000000ff400000)
  to   space 10752K, 0% used [0x00000000ff580000,0x00000000ff580000,0x0000000100000000)
 ParOldGen       total 57344K, used 30994K [0x00000000c3c00000, 0x00000000c7400000, 0x00000000ebf00000)
  object space 57344K, 54% used [0x00000000c3c00000,0x00000000c5a44be0,0x00000000c7400000)
 Metaspace       used 39334K, capacity 52759K, committed 53040K, reserved 1087488K
  class space    used 10460K, capacity 15041K, committed 15152K, reserved 1048576K
GC Heap History (10 events):
Event: 78,434 GC heap before
{Heap before GC invocations=13 (full 1):
 PSYoungGen      total 307200K, used 264206K [0x00000000ebf00000, 0x0000000100000000, 0x0000000100000000)
  eden space 306176K, 86% used [0x00000000ebf00000,0x00000000fc03b9b8,0x00000000fea00000)
  from space 1024K, 78% used [0x00000000fea00000,0x00000000feac8000,0x00000000feb00000)
  to   space 11776K, 0% used [0x00000000ff480000,0x00000000ff480000,0x0000000100000000)
 ParOldGen       total 39424K, used 27889K [0x00000000c3c00000, 0x00000000c6280000, 0x00000000ebf00000)
  object space 39424K, 70% used [0x00000000c3c00000,0x00000000c573c7b8,0x00000000c6280000)
 Metaspace       used 28749K, capacity 35471K, committed 35496K, reserved 1075200K
  class space    used 7288K, capacity 9754K, committed 9776K, reserved 1048576K
Event: 78,446 GC heap after
Heap after GC invocations=13 (full 1):
 PSYoungGen      total 317440K, used 2928K [0x00000000ebf00000, 0x0000000100000000, 0x0000000100000000)
  eden space 305664K, 0% used [0x00000000ebf00000,0x00000000ebf00000,0x00000000fe980000)
  from space 11776K, 24% used [0x00000000ff480000,0x00000000ff75c010,0x0000000100000000)
  to   space 11264K, 0% used [0x00000000fe980000,0x00000000fe980000,0x00000000ff480000)
 ParOldGen       total 39424K, used 28659K [0x00000000c3c00000, 0x00000000c6280000, 0x00000000ebf00000)
  object space 39424K, 72% used [0x00000000c3c00000,0x00000000c57fcc30,0x00000000c6280000)
 Metaspace       used 28749K, capacity 35471K, committed 35496K, reserved 1075200K
  class space    used 7288K, capacity 9754K, committed 9776K, reserved 1048576K
}
Event: 78,446 GC heap before
{Heap before GC invocations=14 (full 2):
 PSYoungGen      total 317440K, used 2928K [0x00000000ebf00000, 0x0000000100000000, 0x0000000100000000)
  eden space 305664K, 0% used [0x00000000ebf00000,0x00000000ebf00000,0x00000000fe980000)
  from space 11776K, 24% used [0x00000000ff480000,0x00000000ff75c010,0x0000000100000000)
  to   space 11264K, 0% used [0x00000000fe980000,0x00000000fe980000,0x00000000ff480000)
 ParOldGen       total 39424K, used 28659K [0x00000000c3c00000, 0x00000000c6280000, 0x00000000ebf00000)
  object space 39424K, 72% used [0x00000000c3c00000,0x00000000c57fcc30,0x00000000c6280000)
 Metaspace       used 28749K, capacity 35471K, committed 35496K, reserved 1075200K
  class space    used 7288K, capacity 9754K, committed 9776K, reserved 1048576K
Event: 78,779 GC heap after
Heap after GC invocations=14 (full 2):
 PSYoungGen      total 317440K, used 0K [0x00000000ebf00000, 0x0000000100000000, 0x0000000100000000)
  eden space 305664K, 0% used [0x00000000ebf00000,0x00000000ebf00000,0x00000000fe980000)
  from space 11776K, 0% used [0x00000000ff480000,0x00000000ff480000,0x0000000100000000)
  to   space 11264K, 0% used [0x00000000fe980000,0x00000000fe980000,0x00000000ff480000)
 ParOldGen       total 57344K, used 27250K [0x00000000c3c00000, 0x00000000c7400000, 0x00000000ebf00000)
  object space 57344K, 47% used [0x00000000c3c00000,0x00000000c569cbd0,0x00000000c7400000)
 Metaspace       used 28749K, capacity 35471K, committed 35496K, reserved 1075200K
  class space    used 7288K, capacity 9754K, committed 9776K, reserved 1048576K
}
Event: 80,415 GC heap before
{Heap before GC invocations=15 (full 2):
 PSYoungGen      total 317440K, used 305664K [0x00000000ebf00000, 0x0000000100000000, 0x0000000100000000)
  eden space 305664K, 100% used [0x00000000ebf00000,0x00000000fe980000,0x00000000fe980000)
  from space 11776K, 0% used [0x00000000ff480000,0x00000000ff480000,0x0000000100000000)
  to   space 11264K, 0% used [0x00000000fe980000,0x00000000fe980000,0x00000000ff480000)
 ParOldGen       total 57344K, used 27250K [0x00000000c3c00000, 0x00000000c7400000, 0x00000000ebf00000)
  object space 57344K, 47% used [0x00000000c3c00000,0x00000000c569cbd0,0x00000000c7400000)
 Metaspace       used 31152K, capacity 39145K, committed 39344K, reserved 1077248K
  class space    used 8009K, capacity 10892K, committed 10928K, reserved 1048576K
Event: 80,432 GC heap after
Heap after GC invocations=15 (full 2):
 PSYoungGen      total 309760K, used 3988K [0x00000000ebf00000, 0x00000000ffe80000, 0x0000000100000000)
  eden space 305664K, 0% used [0x00000000ebf00000,0x00000000ebf00000,0x00000000fe980000)
  from space 4096K, 97% used [0x00000000fe980000,0x00000000fed651e8,0x00000000fed80000)
  to   space 10752K, 0% used [0x00000000ff400000,0x00000000ff400000,0x00000000ffe80000)
 ParOldGen       total 57344K, used 27258K [0x00000000c3c00000, 0x00000000c7400000, 0x00000000ebf00000)
  object space 57344K, 47% used [0x00000000c3c00000,0x00000000c569ebd0,0x00000000c7400000)
 Metaspace       used 31152K, capacity 39145K, committed 39344K, reserved 1077248K
  class space    used 8009K, capacity 10892K, committed 10928K, reserved 1048576K
}
Event: 82,056 GC heap before
{Heap before GC invocations=16 (full 2):
 PSYoungGen      total 309760K, used 309652K [0x00000000ebf00000, 0x00000000ffe80000, 0x0000000100000000)
  eden space 305664K, 100% used [0x00000000ebf00000,0x00000000fe980000,0x00000000fe980000)
  from space 4096K, 97% used [0x00000000fe980000,0x00000000fed651e8,0x00000000fed80000)
  to   space 10752K, 0% used [0x00000000ff400000,0x00000000ff400000,0x00000000ffe80000)
 ParOldGen       total 57344K, used 27258K [0x00000000c3c00000, 0x00000000c7400000, 0x00000000ebf00000)
  object space 57344K, 47% used [0x00000000c3c00000,0x00000000c569ebd0,0x00000000c7400000)
 Metaspace       used 33204K, capacity 42385K, committed 42544K, reserved 1079296K
  class space    used 8571K, capacity 11700K, committed 11824K, reserved 1048576K
Event: 82,082 GC heap after
Heap after GC invocations=16 (full 2):
 PSYoungGen      total 316416K, used 2944K [0x00000000ebf00000, 0x0000000100000000, 0x0000000100000000)
  eden space 305664K, 0% used [0x00000000ebf00000,0x00000000ebf00000,0x00000000fe980000)
  from space 10752K, 27% used [0x00000000ff400000,0x00000000ff6e0000,0x00000000ffe80000)
  to   space 10752K, 0% used [0x00000000fe980000,0x00000000fe980000,0x00000000ff400000)
 ParOldGen       total 57344K, used 30986K [0x00000000c3c00000, 0x00000000c7400000, 0x00000000ebf00000)
  object space 57344K, 54% used [0x00000000c3c00000,0x00000000c5a42be0,0x00000000c7400000)
 Metaspace       used 33204K, capacity 42385K, committed 42544K, reserved 1079296K
  class space    used 8571K, capacity 11700K, committed 11824K, reserved 1048576K
}
Event: 84,664 GC heap before
{Heap before GC invocations=17 (full 2):
 PSYoungGen      total 316416K, used 308608K [0x00000000ebf00000, 0x0000000100000000, 0x0000000100000000)
  eden space 305664K, 100% used [0x00000000ebf00000,0x00000000fe980000,0x00000000fe980000)
  from space 10752K, 27% used [0x00000000ff400000,0x00000000ff6e0000,0x00000000ffe80000)
  to   space 10752K, 0% used [0x00000000fe980000,0x00000000fe980000,0x00000000ff400000)
 ParOldGen       total 57344K, used 30986K [0x00000000c3c00000, 0x00000000c7400000, 0x00000000ebf00000)
  object space 57344K, 54% used [0x00000000c3c00000,0x00000000c5a42be0,0x00000000c7400000)
 Metaspace       used 38185K, capacity 51101K, committed 51120K, reserved 1085440K
  class space    used 10099K, capacity 14508K, committed 14512K, reserved 1048576K
Event: 84,690 GC heap after
Heap after GC invocations=17 (full 2):
 PSYoungGen      total 316416K, used 6952K [0x00000000ebf00000, 0x0000000100000000, 0x0000000100000000)
  eden space 305664K, 0% used [0x00000000ebf00000,0x00000000ebf00000,0x00000000fe980000)
  from space 10752K, 64% used [0x00000000fe980000,0x00000000ff04a2f8,0x00000000ff400000)
  to   space 10752K, 0% used [0x00000000ff580000,0x00000000ff580000,0x0000000100000000)
 ParOldGen       total 57344K, used 30994K [0x00000000c3c00000, 0x00000000c7400000, 0x00000000ebf00000)
  object space 57344K, 54% used [0x00000000c3c00000,0x00000000c5a44be0,0x00000000c7400000)
 Metaspace       used 38185K, capacity 51101K, committed 51120K, reserved 1085440K
  class space    used 10099K, capacity 14508K, committed 14512K, reserved 1048576K
}

