# JRE version: OpenJDK Runtime Environment (8.0_131-b11) (build 1.8.0_131-8u131-b11-2ubuntu1.16.04.3-b11)
# Java VM: OpenJDK 64-Bit Server VM (25.131-b11 mixed mode linux-amd64 compressed oops)
Heap:
 PSYoungGen      total 315392K, used 76665K [0x00000000ebf00000, 0x0000000100000000, 0x0000000100000000)
  eden space 307200K, 22% used [0x00000000ebf00000,0x00000000f01e6488,0x00000000feb00000)
  from space 8192K, 99% used [0x00000000ff800000,0x00000000ffff8010,0x0000000100000000)
  to   space 10752K, 0% used [0x00000000feb00000,0x00000000feb00000,0x00000000ff580000)
 ParOldGen       total 59392K, used 30186K [0x00000000c3c00000, 0x00000000c7600000, 0x00000000ebf00000)
  object space 59392K, 50% used [0x00000000c3c00000,0x00000000c597aab0,0x00000000c7600000)
 Metaspace       used 39389K, capacity 52789K, committed 53040K, reserved 1087488K
  class space    used 10498K, capacity 15071K, committed 15152K, reserved 1048576K
GC Heap History (10 events):
Event: 140,140 GC heap before
{Heap before GC invocations=18 (full 1):
 PSYoungGen      total 321024K, used 263813K [0x00000000ebf00000, 0x0000000100000000, 0x0000000100000000)
  eden space 313344K, 83% used [0x00000000ebf00000,0x00000000fc001778,0x00000000ff100000)
  from space 7680K, 8% used [0x00000000ff880000,0x00000000ff920000,0x0000000100000000)
  to   space 7680K, 0% used [0x00000000ff100000,0x00000000ff100000,0x00000000ff880000)
 ParOldGen       total 37888K, used 24896K [0x00000000c3c00000, 0x00000000c6100000, 0x00000000ebf00000)
  object space 37888K, 65% used [0x00000000c3c00000,0x00000000c54503d0,0x00000000c6100000)
 Metaspace       used 28789K, capacity 35481K, committed 35496K, reserved 1075200K
  class space    used 7318K, capacity 9776K, committed 9776K, reserved 1048576K
Event: 140,156 GC heap after
Heap after GC invocations=18 (full 1):
 PSYoungGen      total 316416K, used 2960K [0x00000000ebf00000, 0x00000000fff00000, 0x0000000100000000)
  eden space 313344K, 0% used [0x00000000ebf00000,0x00000000ebf00000,0x00000000ff100000)
  from space 3072K, 96% used [0x00000000ff100000,0x00000000ff3e4010,0x00000000ff400000)
  to   space 7168K, 0% used [0x00000000ff800000,0x00000000ff800000,0x00000000fff00000)
 ParOldGen       total 37888K, used 25516K [0x00000000c3c00000, 0x00000000c6100000, 0x00000000ebf00000)
  object space 37888K, 67% used [0x00000000c3c00000,0x00000000c54eb2f0,0x00000000c6100000)
 Metaspace       used 28789K, capacity 35481K, committed 35496K, reserved 1075200K
  class space    used 7318K, capacity 9776K, committed 9776K, reserved 1048576K
}
Event: 140,156 GC heap before
{Heap before GC invocations=19 (full 2):
 PSYoungGen      total 316416K, used 2960K [0x00000000ebf00000, 0x00000000fff00000, 0x0000000100000000)
  eden space 313344K, 0% used [0x00000000ebf00000,0x00000000ebf00000,0x00000000ff100000)
  from space 3072K, 96% used [0x00000000ff100000,0x00000000ff3e4010,0x00000000ff400000)
  to   space 7168K, 0% used [0x00000000ff800000,0x00000000ff800000,0x00000000fff00000)
 ParOldGen       total 37888K, used 25516K [0x00000000c3c00000, 0x00000000c6100000, 0x00000000ebf00000)
  object space 37888K, 67% used [0x00000000c3c00000,0x00000000c54eb2f0,0x00000000c6100000)
 Metaspace       used 28789K, capacity 35481K, committed 35496K, reserved 1075200K
  class space    used 7318K, capacity 9776K, committed 9776K, reserved 1048576K
Event: 140,526 GC heap after
Heap after GC invocations=19 (full 2):
 PSYoungGen      total 316416K, used 0K [0x00000000ebf00000, 0x00000000fff00000, 0x0000000100000000)
  eden space 313344K, 0% used [0x00000000ebf00000,0x00000000ebf00000,0x00000000ff100000)
  from space 3072K, 0% used [0x00000000ff100000,0x00000000ff100000,0x00000000ff400000)
  to   space 7168K, 0% used [0x00000000ff800000,0x00000000ff800000,0x00000000fff00000)
 ParOldGen       total 59392K, used 27318K [0x00000000c3c00000, 0x00000000c7600000, 0x00000000ebf00000)
  object space 59392K, 45% used [0x00000000c3c00000,0x00000000c56adbe0,0x00000000c7600000)
 Metaspace       used 28789K, capacity 35481K, committed 35496K, reserved 1075200K
  class space    used 7318K, capacity 9776K, committed 9776K, reserved 1048576K
}
Event: 142,362 GC heap before
{Heap before GC invocations=20 (full 2):
 PSYoungGen      total 316416K, used 313344K [0x00000000ebf00000, 0x00000000fff00000, 0x0000000100000000)
  eden space 313344K, 100% used [0x00000000ebf00000,0x00000000ff100000,0x00000000ff100000)
  from space 3072K, 0% used [0x00000000ff100000,0x00000000ff100000,0x00000000ff400000)
  to   space 7168K, 0% used [0x00000000ff800000,0x00000000ff800000,0x00000000fff00000)
 ParOldGen       total 59392K, used 27318K [0x00000000c3c00000, 0x00000000c7600000, 0x00000000ebf00000)
  object space 59392K, 45% used [0x00000000c3c00000,0x00000000c56adbe0,0x00000000c7600000)
 Metaspace       used 31311K, capacity 39419K, committed 39728K, reserved 1077248K
  class space    used 8070K, capacity 10962K, committed 11056K, reserved 1048576K
Event: 142,383 GC heap after
Heap after GC invocations=20 (full 2):
 PSYoungGen      total 320000K, used 4580K [0x00000000ebf00000, 0x0000000100000000, 0x0000000100000000)
  eden space 312832K, 0% used [0x00000000ebf00000,0x00000000ebf00000,0x00000000ff080000)
  from space 7168K, 63% used [0x00000000ff800000,0x00000000ffc791f8,0x00000000fff00000)
  to   space 7680K, 0% used [0x00000000ff080000,0x00000000ff080000,0x00000000ff800000)
 ParOldGen       total 59392K, used 27326K [0x00000000c3c00000, 0x00000000c7600000, 0x00000000ebf00000)
  object space 59392K, 46% used [0x00000000c3c00000,0x00000000c56afbe0,0x00000000c7600000)
 Metaspace       used 31311K, capacity 39419K, committed 39728K, reserved 1077248K
  class space    used 8070K, capacity 10962K, committed 11056K, reserved 1048576K
}
Event: 144,221 GC heap before
{Heap before GC invocations=21 (full 2):
 PSYoungGen      total 320000K, used 317412K [0x00000000ebf00000, 0x0000000100000000, 0x0000000100000000)
  eden space 312832K, 100% used [0x00000000ebf00000,0x00000000ff080000,0x00000000ff080000)
  from space 7168K, 63% used [0x00000000ff800000,0x00000000ffc791f8,0x00000000fff00000)
  to   space 7680K, 0% used [0x00000000ff080000,0x00000000ff080000,0x00000000ff800000)
 ParOldGen       total 59392K, used 27326K [0x00000000c3c00000, 0x00000000c7600000, 0x00000000ebf00000)
  object space 59392K, 46% used [0x00000000c3c00000,0x00000000c56afbe0,0x00000000c7600000)
 Metaspace       used 33341K, capacity 42577K, committed 42800K, reserved 1081344K
  class space    used 8626K, capacity 11756K, committed 11824K, reserved 1048576K
Event: 144,248 GC heap after
Heap after GC invocations=21 (full 2):
 PSYoungGen      total 320512K, used 6704K [0x00000000ebf00000, 0x0000000100000000, 0x0000000100000000)
  eden space 312832K, 0% used [0x00000000ebf00000,0x00000000ebf00000,0x00000000ff080000)
  from space 7680K, 87% used [0x00000000ff080000,0x00000000ff70c020,0x00000000ff800000)
  to   space 8192K, 0% used [0x00000000ff800000,0x00000000ff800000,0x0000000100000000)
 ParOldGen       total 59392K, used 27334K [0x00000000c3c00000, 0x00000000c7600000, 0x00000000ebf00000)
  object space 59392K, 46% used [0x00000000c3c00000,0x00000000c56b1be0,0x00000000c7600000)
 Metaspace       used 33341K, capacity 42577K, committed 42800K, reserved 1081344K
  class space    used 8626K, capacity 11756K, committed 11824K, reserved 1048576K
}
Event: 147,442 GC heap before
{Heap before GC invocations=22 (full 2):
 PSYoungGen      total 320512K, used 319536K [0x00000000ebf00000, 0x0000000100000000, 0x0000000100000000)
  eden space 312832K, 100% used [0x00000000ebf00000,0x00000000ff080000,0x00000000ff080000)
  from space 7680K, 87% used [0x00000000ff080000,0x00000000ff70c020,0x00000000ff800000)
  to   space 8192K, 0% used [0x00000000ff800000,0x00000000ff800000,0x0000000100000000)
 ParOldGen       total 59392K, used 27334K [0x00000000c3c00000, 0x00000000c7600000, 0x00000000ebf00000)
  object space 59392K, 46% used [0x00000000c3c00000,0x00000000c56b1be0,0x00000000c7600000)
 Metaspace       used 38629K, capacity 51675K, committed 51888K, reserved 1087488K
  class space    used 10283K, capacity 14710K, committed 14768K, reserved 1048576K
Event: 147,482 GC heap after
Heap after GC invocations=22 (full 2):
 PSYoungGen      total 315392K, used 8160K [0x00000000ebf00000, 0x0000000100000000, 0x0000000100000000)
  eden space 307200K, 0% used [0x00000000ebf00000,0x00000000ebf00000,0x00000000feb00000)
  from space 8192K, 99% used [0x00000000ff800000,0x00000000ffff8010,0x0000000100000000)
  to   space 10752K, 0% used [0x00000000feb00000,0x00000000feb00000,0x00000000ff580000)
 ParOldGen       total 59392K, used 30186K [0x00000000c3c00000, 0x00000000c7600000, 0x00000000ebf00000)
  object space 59392K, 50% used [0x00000000c3c00000,0x00000000c597aab0,0x00000000c7600000)
 Metaspace       used 38629K, capacity 51675K, committed 51888K, reserved 1087488K
  class space    used 10283K, capacity 14710K, committed 14768K, reserved 1048576K
}

