# JRE version: OpenJDK Runtime Environment (8.0_121-b13) (build 1.8.0_121-8u121-b13-0ubuntu1.16.04.2-b13)
# Java VM: OpenJDK 64-Bit Server VM (25.121-b13 mixed mode linux-amd64 compressed oops)
Heap:
 PSYoungGen      total 46080K, used 21100K [0x00000000ebf00000, 0x00000000f2880000, 0x0000000100000000)
  eden space 45568K, 46% used [0x00000000ebf00000,0x00000000ed393300,0x00000000eeb80000)
  from space 512K, 6% used [0x00000000f2800000,0x00000000f2808000,0x00000000f2880000)
  to   space 1024K, 0% used [0x00000000f2680000,0x00000000f2680000,0x00000000f2780000)
 ParOldGen       total 57344K, used 38727K [0x00000000c3c00000, 0x00000000c7400000, 0x00000000ebf00000)
  object space 57344K, 67% used [0x00000000c3c00000,0x00000000c61d1f10,0x00000000c7400000)
 Metaspace       used 32815K, capacity 35933K, committed 36096K, reserved 1079296K
  class space    used 5693K, capacity 6809K, committed 6912K, reserved 1048576K
GC Heap History (10 events):
Event: 262,225 GC heap before
{Heap before GC invocations=76 (full 2):
 PSYoungGen      total 39936K, used 38464K [0x00000000ebf00000, 0x00000000f2a80000, 0x0000000100000000)
  eden space 38400K, 100% used [0x00000000ebf00000,0x00000000ee480000,0x00000000ee480000)
  from space 1536K, 4% used [0x00000000f2780000,0x00000000f2790000,0x00000000f2900000)
  to   space 1536K, 0% used [0x00000000f2900000,0x00000000f2900000,0x00000000f2a80000)
 ParOldGen       total 57344K, used 38727K [0x00000000c3c00000, 0x00000000c7400000, 0x00000000ebf00000)
  object space 57344K, 67% used [0x00000000c3c00000,0x00000000c61d1f10,0x00000000c7400000)
 Metaspace       used 32815K, capacity 35933K, committed 36096K, reserved 1079296K
  class space    used 5693K, capacity 6809K, committed 6912K, reserved 1048576K
Event: 262,228 GC heap after
Heap after GC invocations=76 (full 2):
 PSYoungGen      total 37888K, used 64K [0x00000000ebf00000, 0x00000000f2980000, 0x0000000100000000)
  eden space 37376K, 0% used [0x00000000ebf00000,0x00000000ebf00000,0x00000000ee380000)
  from space 512K, 12% used [0x00000000f2900000,0x00000000f2910000,0x00000000f2980000)
  to   space 1024K, 0% used [0x00000000f2780000,0x00000000f2780000,0x00000000f2880000)
 ParOldGen       total 57344K, used 38727K [0x00000000c3c00000, 0x00000000c7400000, 0x00000000ebf00000)
  object space 57344K, 67% used [0x00000000c3c00000,0x00000000c61d1f10,0x00000000c7400000)
 Metaspace       used 32815K, capacity 35933K, committed 36096K, reserved 1079296K
  class space    used 5693K, capacity 6809K, committed 6912K, reserved 1048576K
}
Event: 262,591 GC heap before
{Heap before GC invocations=77 (full 2):
 PSYoungGen      total 37888K, used 37440K [0x00000000ebf00000, 0x00000000f2980000, 0x0000000100000000)
  eden space 37376K, 100% used [0x00000000ebf00000,0x00000000ee380000,0x00000000ee380000)
  from space 512K, 12% used [0x00000000f2900000,0x00000000f2910000,0x00000000f2980000)
  to   space 1024K, 0% used [0x00000000f2780000,0x00000000f2780000,0x00000000f2880000)
 ParOldGen       total 57344K, used 38727K [0x00000000c3c00000, 0x00000000c7400000, 0x00000000ebf00000)
  object space 57344K, 67% used [0x00000000c3c00000,0x00000000c61d1f10,0x00000000c7400000)
 Metaspace       used 32815K, capacity 35933K, committed 36096K, reserved 1079296K
  class space    used 5693K, capacity 6809K, committed 6912K, reserved 1048576K
Event: 262,593 GC heap after
Heap after GC invocations=77 (full 2):
 PSYoungGen      total 43520K, used 64K [0x00000000ebf00000, 0x00000000f2980000, 0x0000000100000000)
  eden space 42496K, 0% used [0x00000000ebf00000,0x00000000ebf00000,0x00000000ee880000)
  from space 1024K, 6% used [0x00000000f2780000,0x00000000f2790000,0x00000000f2880000)
  to   space 1024K, 0% used [0x00000000f2880000,0x00000000f2880000,0x00000000f2980000)
 ParOldGen       total 57344K, used 38727K [0x00000000c3c00000, 0x00000000c7400000, 0x00000000ebf00000)
  object space 57344K, 67% used [0x00000000c3c00000,0x00000000c61d1f10,0x00000000c7400000)
 Metaspace       used 32815K, capacity 35933K, committed 36096K, reserved 1079296K
  class space    used 5693K, capacity 6809K, committed 6912K, reserved 1048576K
}
Event: 263,005 GC heap before
{Heap before GC invocations=78 (full 2):
 PSYoungGen      total 43520K, used 42560K [0x00000000ebf00000, 0x00000000f2980000, 0x0000000100000000)
  eden space 42496K, 100% used [0x00000000ebf00000,0x00000000ee880000,0x00000000ee880000)
  from space 1024K, 6% used [0x00000000f2780000,0x00000000f2790000,0x00000000f2880000)
  to   space 1024K, 0% used [0x00000000f2880000,0x00000000f2880000,0x00000000f2980000)
 ParOldGen       total 57344K, used 38727K [0x00000000c3c00000, 0x00000000c7400000, 0x00000000ebf00000)
  object space 57344K, 67% used [0x00000000c3c00000,0x00000000c61d1f10,0x00000000c7400000)
 Metaspace       used 32815K, capacity 35933K, committed 36096K, reserved 1079296K
  class space    used 5693K, capacity 6809K, committed 6912K, reserved 1048576K
Event: 263,008 GC heap after
Heap after GC invocations=78 (full 2):
 PSYoungGen      total 41984K, used 32K [0x00000000ebf00000, 0x00000000f2900000, 0x0000000100000000)
  eden space 41472K, 0% used [0x00000000ebf00000,0x00000000ebf00000,0x00000000ee780000)
  from space 512K, 6% used [0x00000000f2880000,0x00000000f2888000,0x00000000f2900000)
  to   space 1024K, 0% used [0x00000000f2700000,0x00000000f2700000,0x00000000f2800000)
 ParOldGen       total 57344K, used 38727K [0x00000000c3c00000, 0x00000000c7400000, 0x00000000ebf00000)
  object space 57344K, 67% used [0x00000000c3c00000,0x00000000c61d1f10,0x00000000c7400000)
 Metaspace       used 32815K, capacity 35933K, committed 36096K, reserved 1079296K
  class space    used 5693K, capacity 6809K, committed 6912K, reserved 1048576K
}
Event: 263,409 GC heap before
{Heap before GC invocations=79 (full 2):
 PSYoungGen      total 41984K, used 41504K [0x00000000ebf00000, 0x00000000f2900000, 0x0000000100000000)
  eden space 41472K, 100% used [0x00000000ebf00000,0x00000000ee780000,0x00000000ee780000)
  from space 512K, 6% used [0x00000000f2880000,0x00000000f2888000,0x00000000f2900000)
  to   space 1024K, 0% used [0x00000000f2700000,0x00000000f2700000,0x00000000f2800000)
 ParOldGen       total 57344K, used 38727K [0x00000000c3c00000, 0x00000000c7400000, 0x00000000ebf00000)
  object space 57344K, 67% used [0x00000000c3c00000,0x00000000c61d1f10,0x00000000c7400000)
 Metaspace       used 32815K, capacity 35933K, committed 36096K, reserved 1079296K
  class space    used 5693K, capacity 6809K, committed 6912K, reserved 1048576K
Event: 263,412 GC heap after
Heap after GC invocations=79 (full 2):
 PSYoungGen      total 48128K, used 64K [0x00000000ebf00000, 0x00000000f2900000, 0x0000000100000000)
  eden space 47104K, 0% used [0x00000000ebf00000,0x00000000ebf00000,0x00000000eed00000)
  from space 1024K, 6% used [0x00000000f2700000,0x00000000f2710000,0x00000000f2800000)
  to   space 1024K, 0% used [0x00000000f2800000,0x00000000f2800000,0x00000000f2900000)
 ParOldGen       total 57344K, used 38727K [0x00000000c3c00000, 0x00000000c7400000, 0x00000000ebf00000)
  object space 57344K, 67% used [0x00000000c3c00000,0x00000000c61d1f10,0x00000000c7400000)
 Metaspace       used 32815K, capacity 35933K, committed 36096K, reserved 1079296K
  class space    used 5693K, capacity 6809K, committed 6912K, reserved 1048576K
}
Event: 263,867 GC heap before
{Heap before GC invocations=80 (full 2):
 PSYoungGen      total 48128K, used 47168K [0x00000000ebf00000, 0x00000000f2900000, 0x0000000100000000)
  eden space 47104K, 100% used [0x00000000ebf00000,0x00000000eed00000,0x00000000eed00000)
  from space 1024K, 6% used [0x00000000f2700000,0x00000000f2710000,0x00000000f2800000)
  to   space 1024K, 0% used [0x00000000f2800000,0x00000000f2800000,0x00000000f2900000)
 ParOldGen       total 57344K, used 38727K [0x00000000c3c00000, 0x00000000c7400000, 0x00000000ebf00000)
  object space 57344K, 67% used [0x00000000c3c00000,0x00000000c61d1f10,0x00000000c7400000)
 Metaspace       used 32815K, capacity 35933K, committed 36096K, reserved 1079296K
  class space    used 5693K, capacity 6809K, committed 6912K, reserved 1048576K
Event: 263,869 GC heap after
Heap after GC invocations=80 (full 2):
 PSYoungGen      total 46080K, used 32K [0x00000000ebf00000, 0x00000000f2880000, 0x0000000100000000)
  eden space 45568K, 0% used [0x00000000ebf00000,0x00000000ebf00000,0x00000000eeb80000)
  from space 512K, 6% used [0x00000000f2800000,0x00000000f2808000,0x00000000f2880000)
  to   space 1024K, 0% used [0x00000000f2680000,0x00000000f2680000,0x00000000f2780000)
 ParOldGen       total 57344K, used 38727K [0x00000000c3c00000, 0x00000000c7400000, 0x00000000ebf00000)
  object space 57344K, 67% used [0x00000000c3c00000,0x00000000c61d1f10,0x00000000c7400000)
 Metaspace       used 32815K, capacity 35933K, committed 36096K, reserved 1079296K
  class space    used 5693K, capacity 6809K, committed 6912K, reserved 1048576K
}

