# JRE version: OpenJDK Runtime Environment (8.0_121-b13) (build 1.8.0_121-8u121-b13-0ubuntu1.16.04.2-b13)
# Java VM: OpenJDK 64-Bit Server VM (25.121-b13 mixed mode linux-amd64 compressed oops)
Heap:
 PSYoungGen      total 169984K, used 165262K [0x00000000ebf00000, 0x00000000ffe00000, 0x0000000100000000)
  eden space 169472K, 97% used [0x00000000ebf00000,0x00000000f6053a70,0x00000000f6480000)
  from space 512K, 12% used [0x00000000ffd00000,0x00000000ffd10000,0x00000000ffd80000)
  to   space 512K, 0% used [0x00000000ffd80000,0x00000000ffd80000,0x00000000ffe00000)
 ParOldGen       total 172544K, used 109106K [0x00000000c3c00000, 0x00000000ce480000, 0x00000000ebf00000)
  object space 172544K, 63% used [0x00000000c3c00000,0x00000000ca68c938,0x00000000ce480000)
 Metaspace       used 27899K, capacity 31653K, committed 31792K, reserved 1075200K
  class space    used 5486K, capacity 6854K, committed 6960K, reserved 1048576K
GC Heap History (10 events):
Event: 5201,651 GC heap before
{Heap before GC invocations=1408 (full 13):
 PSYoungGen      total 156160K, used 155712K [0x00000000ebf00000, 0x00000000ffe00000, 0x0000000100000000)
  eden space 155648K, 100% used [0x00000000ebf00000,0x00000000f5700000,0x00000000f5700000)
  from space 512K, 12% used [0x00000000ffd80000,0x00000000ffd90000,0x00000000ffe00000)
  to   space 512K, 0% used [0x00000000ffd00000,0x00000000ffd00000,0x00000000ffd80000)
 ParOldGen       total 172544K, used 109106K [0x00000000c3c00000, 0x00000000ce480000, 0x00000000ebf00000)
  object space 172544K, 63% used [0x00000000c3c00000,0x00000000ca68c938,0x00000000ce480000)
 Metaspace       used 27876K, capacity 31653K, committed 31792K, reserved 1075200K
  class space    used 5484K, capacity 6854K, committed 6960K, reserved 1048576K
Event: 5201,654 GC heap after
Heap after GC invocations=1408 (full 13):
 PSYoungGen      total 169984K, used 64K [0x00000000ebf00000, 0x00000000ffe00000, 0x0000000100000000)
  eden space 169472K, 0% used [0x00000000ebf00000,0x00000000ebf00000,0x00000000f6480000)
  from space 512K, 12% used [0x00000000ffd00000,0x00000000ffd10000,0x00000000ffd80000)
  to   space 512K, 0% used [0x00000000ffd80000,0x00000000ffd80000,0x00000000ffe00000)
 ParOldGen       total 172544K, used 109106K [0x00000000c3c00000, 0x00000000ce480000, 0x00000000ebf00000)
  object space 172544K, 63% used [0x00000000c3c00000,0x00000000ca68c938,0x00000000ce480000)
 Metaspace       used 27876K, capacity 31653K, committed 31792K, reserved 1075200K
  class space    used 5484K, capacity 6854K, committed 6960K, reserved 1048576K
}
Event: 5202,177 GC heap before
{Heap before GC invocations=1409 (full 13):
 PSYoungGen      total 169984K, used 169536K [0x00000000ebf00000, 0x00000000ffe00000, 0x0000000100000000)
  eden space 169472K, 100% used [0x00000000ebf00000,0x00000000f6480000,0x00000000f6480000)
  from space 512K, 12% used [0x00000000ffd00000,0x00000000ffd10000,0x00000000ffd80000)
  to   space 512K, 0% used [0x00000000ffd80000,0x00000000ffd80000,0x00000000ffe00000)
 ParOldGen       total 172544K, used 109106K [0x00000000c3c00000, 0x00000000ce480000, 0x00000000ebf00000)
  object space 172544K, 63% used [0x00000000c3c00000,0x00000000ca68c938,0x00000000ce480000)
 Metaspace       used 27876K, capacity 31653K, committed 31792K, reserved 1075200K
  class space    used 5484K, capacity 6854K, committed 6960K, reserved 1048576K
Event: 5202,180 GC heap after
Heap after GC invocations=1409 (full 13):
 PSYoungGen      total 184832K, used 32K [0x00000000ebf00000, 0x00000000ffe00000, 0x0000000100000000)
  eden space 184320K, 0% used [0x00000000ebf00000,0x00000000ebf00000,0x00000000f7300000)
  from space 512K, 6% used [0x00000000ffd80000,0x00000000ffd88000,0x00000000ffe00000)
  to   space 512K, 0% used [0x00000000ffd00000,0x00000000ffd00000,0x00000000ffd80000)
 ParOldGen       total 172544K, used 109106K [0x00000000c3c00000, 0x00000000ce480000, 0x00000000ebf00000)
  object space 172544K, 63% used [0x00000000c3c00000,0x00000000ca68c938,0x00000000ce480000)
 Metaspace       used 27876K, capacity 31653K, committed 31792K, reserved 1075200K
  class space    used 5484K, capacity 6854K, committed 6960K, reserved 1048576K
}
Event: 5202,755 GC heap before
{Heap before GC invocations=1410 (full 13):
 PSYoungGen      total 184832K, used 184352K [0x00000000ebf00000, 0x00000000ffe00000, 0x0000000100000000)
  eden space 184320K, 100% used [0x00000000ebf00000,0x00000000f7300000,0x00000000f7300000)
  from space 512K, 6% used [0x00000000ffd80000,0x00000000ffd88000,0x00000000ffe00000)
  to   space 512K, 0% used [0x00000000ffd00000,0x00000000ffd00000,0x00000000ffd80000)
 ParOldGen       total 172544K, used 109106K [0x00000000c3c00000, 0x00000000ce480000, 0x00000000ebf00000)
  object space 172544K, 63% used [0x00000000c3c00000,0x00000000ca68c938,0x00000000ce480000)
 Metaspace       used 27876K, capacity 31653K, committed 31792K, reserved 1075200K
  class space    used 5484K, capacity 6854K, committed 6960K, reserved 1048576K
Event: 5202,757 GC heap after
Heap after GC invocations=1410 (full 13):
 PSYoungGen      total 179712K, used 64K [0x00000000ebf00000, 0x00000000ffe00000, 0x0000000100000000)
  eden space 179200K, 0% used [0x00000000ebf00000,0x00000000ebf00000,0x00000000f6e00000)
  from space 512K, 12% used [0x00000000ffd00000,0x00000000ffd10000,0x00000000ffd80000)
  to   space 512K, 0% used [0x00000000ffd80000,0x00000000ffd80000,0x00000000ffe00000)
 ParOldGen       total 172544K, used 109106K [0x00000000c3c00000, 0x00000000ce480000, 0x00000000ebf00000)
  object space 172544K, 63% used [0x00000000c3c00000,0x00000000ca68c938,0x00000000ce480000)
 Metaspace       used 27876K, capacity 31653K, committed 31792K, reserved 1075200K
  class space    used 5484K, capacity 6854K, committed 6960K, reserved 1048576K
}
Event: 5203,309 GC heap before
{Heap before GC invocations=1411 (full 13):
 PSYoungGen      total 179712K, used 179264K [0x00000000ebf00000, 0x00000000ffe00000, 0x0000000100000000)
  eden space 179200K, 100% used [0x00000000ebf00000,0x00000000f6e00000,0x00000000f6e00000)
  from space 512K, 12% used [0x00000000ffd00000,0x00000000ffd10000,0x00000000ffd80000)
  to   space 512K, 0% used [0x00000000ffd80000,0x00000000ffd80000,0x00000000ffe00000)
 ParOldGen       total 172544K, used 109106K [0x00000000c3c00000, 0x00000000ce480000, 0x00000000ebf00000)
  object space 172544K, 63% used [0x00000000c3c00000,0x00000000ca68c938,0x00000000ce480000)
 Metaspace       used 27876K, capacity 31653K, committed 31792K, reserved 1075200K
  class space    used 5484K, capacity 6854K, committed 6960K, reserved 1048576K
Event: 5203,312 GC heap after
Heap after GC invocations=1411 (full 13):
 PSYoungGen      total 174592K, used 64K [0x00000000ebf00000, 0x00000000ffe00000, 0x0000000100000000)
  eden space 174080K, 0% used [0x00000000ebf00000,0x00000000ebf00000,0x00000000f6900000)
  from space 512K, 12% used [0x00000000ffd80000,0x00000000ffd90000,0x00000000ffe00000)
  to   space 512K, 0% used [0x00000000ffd00000,0x00000000ffd00000,0x00000000ffd80000)
 ParOldGen       total 172544K, used 109106K [0x00000000c3c00000, 0x00000000ce480000, 0x00000000ebf00000)
  object space 172544K, 63% used [0x00000000c3c00000,0x00000000ca68c938,0x00000000ce480000)
 Metaspace       used 27876K, capacity 31653K, committed 31792K, reserved 1075200K
  class space    used 5484K, capacity 6854K, committed 6960K, reserved 1048576K
}
Event: 5203,862 GC heap before
{Heap before GC invocations=1412 (full 13):
 PSYoungGen      total 174592K, used 174144K [0x00000000ebf00000, 0x00000000ffe00000, 0x0000000100000000)
  eden space 174080K, 100% used [0x00000000ebf00000,0x00000000f6900000,0x00000000f6900000)
  from space 512K, 12% used [0x00000000ffd80000,0x00000000ffd90000,0x00000000ffe00000)
  to   space 512K, 0% used [0x00000000ffd00000,0x00000000ffd00000,0x00000000ffd80000)
 ParOldGen       total 172544K, used 109106K [0x00000000c3c00000, 0x00000000ce480000, 0x00000000ebf00000)
  object space 172544K, 63% used [0x00000000c3c00000,0x00000000ca68c938,0x00000000ce480000)
 Metaspace       used 27876K, capacity 31653K, committed 31792K, reserved 1075200K
  class space    used 5484K, capacity 6854K, committed 6960K, reserved 1048576K
Event: 5203,864 GC heap after
Heap after GC invocations=1412 (full 13):
 PSYoungGen      total 169984K, used 64K [0x00000000ebf00000, 0x00000000ffe00000, 0x0000000100000000)
  eden space 169472K, 0% used [0x00000000ebf00000,0x00000000ebf00000,0x00000000f6480000)
  from space 512K, 12% used [0x00000000ffd00000,0x00000000ffd10000,0x00000000ffd80000)
  to   space 512K, 0% used [0x00000000ffd80000,0x00000000ffd80000,0x00000000ffe00000)
 ParOldGen       total 172544K, used 109106K [0x00000000c3c00000, 0x00000000ce480000, 0x00000000ebf00000)
  object space 172544K, 63% used [0x00000000c3c00000,0x00000000ca68c938,0x00000000ce480000)
 Metaspace       used 27876K, capacity 31653K, committed 31792K, reserved 1075200K
  class space    used 5484K, capacity 6854K, committed 6960K, reserved 1048576K
}

