# JRE version: OpenJDK Runtime Environment (8.0_121-b13) (build 1.8.0_121-8u121-b13-0ubuntu1.16.04.2-b13)
# Java VM: OpenJDK 64-Bit Server VM (25.121-b13 mixed mode linux-amd64 compressed oops)
Heap:
 PSYoungGen      total 204800K, used 144388K [0x00000000ebf00000, 0x00000000fb700000, 0x0000000100000000)
  eden space 204288K, 70% used [0x00000000ebf00000,0x00000000f4bf91f8,0x00000000f8680000)
  from space 512K, 6% used [0x00000000fb680000,0x00000000fb688000,0x00000000fb700000)
  to   space 1024K, 0% used [0x00000000fb500000,0x00000000fb500000,0x00000000fb600000)
 ParOldGen       total 88064K, used 65920K [0x00000000c3c00000, 0x00000000c9200000, 0x00000000ebf00000)
  object space 88064K, 74% used [0x00000000c3c00000,0x00000000c7c601a8,0x00000000c9200000)
 Metaspace       used 27856K, capacity 31471K, committed 31616K, reserved 1073152K
  class space    used 5542K, capacity 7030K, committed 7040K, reserved 1048576K
GC Heap History (10 events):
Event: 5557,057 GC heap before
{Heap before GC invocations=3304 (full 28):
 PSYoungGen      total 166400K, used 165408K [0x00000000ebf00000, 0x00000000fb880000, 0x0000000100000000)
  eden space 165376K, 100% used [0x00000000ebf00000,0x00000000f6080000,0x00000000f6080000)
  from space 1024K, 3% used [0x00000000fb680000,0x00000000fb688000,0x00000000fb780000)
  to   space 1024K, 0% used [0x00000000fb780000,0x00000000fb780000,0x00000000fb880000)
 ParOldGen       total 88064K, used 65920K [0x00000000c3c00000, 0x00000000c9200000, 0x00000000ebf00000)
  object space 88064K, 74% used [0x00000000c3c00000,0x00000000c7c601a8,0x00000000c9200000)
 Metaspace       used 27856K, capacity 31471K, committed 31616K, reserved 1073152K
  class space    used 5542K, capacity 7030K, committed 7040K, reserved 1048576K
Event: 5557,060 GC heap after
Heap after GC invocations=3304 (full 28):
 PSYoungGen      total 160256K, used 64K [0x00000000ebf00000, 0x00000000fb800000, 0x0000000100000000)
  eden space 159744K, 0% used [0x00000000ebf00000,0x00000000ebf00000,0x00000000f5b00000)
  from space 512K, 12% used [0x00000000fb780000,0x00000000fb790000,0x00000000fb800000)
  to   space 1024K, 0% used [0x00000000fb600000,0x00000000fb600000,0x00000000fb700000)
 ParOldGen       total 88064K, used 65920K [0x00000000c3c00000, 0x00000000c9200000, 0x00000000ebf00000)
  object space 88064K, 74% used [0x00000000c3c00000,0x00000000c7c601a8,0x00000000c9200000)
 Metaspace       used 27856K, capacity 31471K, committed 31616K, reserved 1073152K
  class space    used 5542K, capacity 7030K, committed 7040K, reserved 1048576K
}
Event: 5557,334 GC heap before
{Heap before GC invocations=3305 (full 28):
 PSYoungGen      total 160256K, used 159808K [0x00000000ebf00000, 0x00000000fb800000, 0x0000000100000000)
  eden space 159744K, 100% used [0x00000000ebf00000,0x00000000f5b00000,0x00000000f5b00000)
  from space 512K, 12% used [0x00000000fb780000,0x00000000fb790000,0x00000000fb800000)
  to   space 1024K, 0% used [0x00000000fb600000,0x00000000fb600000,0x00000000fb700000)
 ParOldGen       total 88064K, used 65920K [0x00000000c3c00000, 0x00000000c9200000, 0x00000000ebf00000)
  object space 88064K, 74% used [0x00000000c3c00000,0x00000000c7c601a8,0x00000000c9200000)
 Metaspace       used 27856K, capacity 31471K, committed 31616K, reserved 1073152K
  class space    used 5542K, capacity 7030K, committed 7040K, reserved 1048576K
Event: 5557,336 GC heap after
Heap after GC invocations=3305 (full 28):
 PSYoungGen      total 155136K, used 64K [0x00000000ebf00000, 0x00000000fb800000, 0x0000000100000000)
  eden space 154112K, 0% used [0x00000000ebf00000,0x00000000ebf00000,0x00000000f5580000)
  from space 1024K, 6% used [0x00000000fb600000,0x00000000fb610000,0x00000000fb700000)
  to   space 1024K, 0% used [0x00000000fb700000,0x00000000fb700000,0x00000000fb800000)
 ParOldGen       total 88064K, used 65920K [0x00000000c3c00000, 0x00000000c9200000, 0x00000000ebf00000)
  object space 88064K, 74% used [0x00000000c3c00000,0x00000000c7c601a8,0x00000000c9200000)
 Metaspace       used 27856K, capacity 31471K, committed 31616K, reserved 1073152K
  class space    used 5542K, capacity 7030K, committed 7040K, reserved 1048576K
}
Event: 5557,601 GC heap before
{Heap before GC invocations=3306 (full 28):
 PSYoungGen      total 155136K, used 154176K [0x00000000ebf00000, 0x00000000fb800000, 0x0000000100000000)
  eden space 154112K, 100% used [0x00000000ebf00000,0x00000000f5580000,0x00000000f5580000)
  from space 1024K, 6% used [0x00000000fb600000,0x00000000fb610000,0x00000000fb700000)
  to   space 1024K, 0% used [0x00000000fb700000,0x00000000fb700000,0x00000000fb800000)
 ParOldGen       total 88064K, used 65920K [0x00000000c3c00000, 0x00000000c9200000, 0x00000000ebf00000)
  object space 88064K, 74% used [0x00000000c3c00000,0x00000000c7c601a8,0x00000000c9200000)
 Metaspace       used 27856K, capacity 31471K, committed 31616K, reserved 1073152K
  class space    used 5542K, capacity 7030K, committed 7040K, reserved 1048576K
Event: 5557,603 GC heap after
Heap after GC invocations=3306 (full 28):
 PSYoungGen      total 149504K, used 32K [0x00000000ebf00000, 0x00000000fb780000, 0x0000000100000000)
  eden space 148992K, 0% used [0x00000000ebf00000,0x00000000ebf00000,0x00000000f5080000)
  from space 512K, 6% used [0x00000000fb700000,0x00000000fb708000,0x00000000fb780000)
  to   space 1024K, 0% used [0x00000000fb580000,0x00000000fb580000,0x00000000fb680000)
 ParOldGen       total 88064K, used 65920K [0x00000000c3c00000, 0x00000000c9200000, 0x00000000ebf00000)
  object space 88064K, 74% used [0x00000000c3c00000,0x00000000c7c601a8,0x00000000c9200000)
 Metaspace       used 27856K, capacity 31471K, committed 31616K, reserved 1073152K
  class space    used 5542K, capacity 7030K, committed 7040K, reserved 1048576K
}
Event: 5557,864 GC heap before
{Heap before GC invocations=3307 (full 28):
 PSYoungGen      total 149504K, used 149020K [0x00000000ebf00000, 0x00000000fb780000, 0x0000000100000000)
  eden space 148992K, 99% used [0x00000000ebf00000,0x00000000f507f048,0x00000000f5080000)
  from space 512K, 6% used [0x00000000fb700000,0x00000000fb708000,0x00000000fb780000)
  to   space 1024K, 0% used [0x00000000fb580000,0x00000000fb580000,0x00000000fb680000)
 ParOldGen       total 88064K, used 65920K [0x00000000c3c00000, 0x00000000c9200000, 0x00000000ebf00000)
  object space 88064K, 74% used [0x00000000c3c00000,0x00000000c7c601a8,0x00000000c9200000)
 Metaspace       used 27856K, capacity 31471K, committed 31616K, reserved 1073152K
  class space    used 5542K, capacity 7030K, committed 7040K, reserved 1048576K
Event: 5557,871 GC heap after
Heap after GC invocations=3307 (full 28):
 PSYoungGen      total 175616K, used 32K [0x00000000ebf00000, 0x00000000fb780000, 0x0000000100000000)
  eden space 174592K, 0% used [0x00000000ebf00000,0x00000000ebf00000,0x00000000f6980000)
  from space 1024K, 3% used [0x00000000fb580000,0x00000000fb588000,0x00000000fb680000)
  to   space 1024K, 0% used [0x00000000fb680000,0x00000000fb680000,0x00000000fb780000)
 ParOldGen       total 88064K, used 65920K [0x00000000c3c00000, 0x00000000c9200000, 0x00000000ebf00000)
  object space 88064K, 74% used [0x00000000c3c00000,0x00000000c7c601a8,0x00000000c9200000)
 Metaspace       used 27856K, capacity 31471K, committed 31616K, reserved 1073152K
  class space    used 5542K, capacity 7030K, committed 7040K, reserved 1048576K
}
Event: 5558,175 GC heap before
{Heap before GC invocations=3308 (full 28):
 PSYoungGen      total 175616K, used 174624K [0x00000000ebf00000, 0x00000000fb780000, 0x0000000100000000)
  eden space 174592K, 100% used [0x00000000ebf00000,0x00000000f6980000,0x00000000f6980000)
  from space 1024K, 3% used [0x00000000fb580000,0x00000000fb588000,0x00000000fb680000)
  to   space 1024K, 0% used [0x00000000fb680000,0x00000000fb680000,0x00000000fb780000)
 ParOldGen       total 88064K, used 65920K [0x00000000c3c00000, 0x00000000c9200000, 0x00000000ebf00000)
  object space 88064K, 74% used [0x00000000c3c00000,0x00000000c7c601a8,0x00000000c9200000)
 Metaspace       used 27856K, capacity 31471K, committed 31616K, reserved 1073152K
  class space    used 5542K, capacity 7030K, committed 7040K, reserved 1048576K
Event: 5558,178 GC heap after
Heap after GC invocations=3308 (full 28):
 PSYoungGen      total 204800K, used 32K [0x00000000ebf00000, 0x00000000fb700000, 0x0000000100000000)
  eden space 204288K, 0% used [0x00000000ebf00000,0x00000000ebf00000,0x00000000f8680000)
  from space 512K, 6% used [0x00000000fb680000,0x00000000fb688000,0x00000000fb700000)
  to   space 1024K, 0% used [0x00000000fb500000,0x00000000fb500000,0x00000000fb600000)
 ParOldGen       total 88064K, used 65920K [0x00000000c3c00000, 0x00000000c9200000, 0x00000000ebf00000)
  object space 88064K, 74% used [0x00000000c3c00000,0x00000000c7c601a8,0x00000000c9200000)
 Metaspace       used 27856K, capacity 31471K, committed 31616K, reserved 1073152K
  class space    used 5542K, capacity 7030K, committed 7040K, reserved 1048576K
}

